[DEBUG] 2017-01-18 11:02:42.752 [JavaFX Application Thread] MainController - Hello
[DEBUG] 2017-01-18 13:39:38.297 [JavaFX Application Thread] MainController - Hello
[DEBUG] 2017-01-18 13:54:40.727 [JavaFX Application Thread] MainController - Hello
[DEBUG] 2017-01-18 13:55:32.364 [JavaFX Application Thread] MainController - Hello
[DEBUG] 2017-01-18 13:56:13.832 [JavaFX Application Thread] MainController - Hello
[DEBUG] 2017-01-18 13:56:34.767 [JavaFX Application Thread] MainController - Hello
[DEBUG] 2017-01-18 13:57:06.722 [JavaFX Application Thread] MainController - Hello
[DEBUG] 2017-01-18 13:57:26.827 [JavaFX Application Thread] MainController - Hello
[DEBUG] 2017-01-18 13:57:59.209 [JavaFX Application Thread] MainController - Hello
[DEBUG] 2017-01-18 14:07:59.110 [JavaFX Application Thread] MainController - Hello
[DEBUG] 2017-01-18 14:26:37.094 [JavaFX Application Thread] MainController - Hello
[DEBUG] 2017-01-18 14:28:42.473 [JavaFX Application Thread] MainController - Hello
[DEBUG] 2017-01-18 14:29:43.377 [JavaFX Application Thread] MainController - Hello
[DEBUG] 2017-01-18 14:30:11.068 [JavaFX Application Thread] MainController - Hello
[DEBUG] 2017-01-18 14:30:39.942 [JavaFX Application Thread] MainController - Hello
[DEBUG] 2017-01-18 14:31:13.163 [JavaFX Application Thread] MainController - Hello
[DEBUG] 2017-01-18 14:31:47.796 [JavaFX Application Thread] MainController - Hello
[DEBUG] 2017-01-18 14:32:18.035 [JavaFX Application Thread] MainController - Hello
[DEBUG] 2017-01-18 14:32:50.891 [JavaFX Application Thread] MainController - Hello
[DEBUG] 2017-01-18 14:33:20.997 [JavaFX Application Thread] MainController - Hello
[DEBUG] 2017-01-18 14:33:41.462 [JavaFX Application Thread] MainController - Hello
[DEBUG] 2017-01-18 14:34:09.275 [JavaFX Application Thread] MainController - Hello
[DEBUG] 2017-01-18 14:34:39.561 [JavaFX Application Thread] MainController - Hello
[DEBUG] 2017-01-18 14:36:10.983 [JavaFX Application Thread] MainController - Hello
[DEBUG] 2017-01-18 14:36:16.025 [JavaFX Application Thread] MainController - 375.0
[DEBUG] 2017-01-18 14:36:16.382 [JavaFX Application Thread] MainController - 350.0
[DEBUG] 2017-01-18 14:36:16.822 [JavaFX Application Thread] MainController - 325.0
[DEBUG] 2017-01-18 14:36:16.846 [JavaFX Application Thread] MainController - 300.0
[DEBUG] 2017-01-18 14:36:16.870 [JavaFX Application Thread] MainController - 275.0
[DEBUG] 2017-01-18 14:36:16.894 [JavaFX Application Thread] MainController - 250.0
[DEBUG] 2017-01-18 14:36:16.919 [JavaFX Application Thread] MainController - 225.0
[DEBUG] 2017-01-18 14:36:16.943 [JavaFX Application Thread] MainController - 200.0
[DEBUG] 2017-01-18 14:36:16.968 [JavaFX Application Thread] MainController - 175.0
[DEBUG] 2017-01-18 14:36:16.992 [JavaFX Application Thread] MainController - 150.0
[DEBUG] 2017-01-18 14:36:17.015 [JavaFX Application Thread] MainController - 125.0
[DEBUG] 2017-01-18 14:36:17.039 [JavaFX Application Thread] MainController - 100.0
[DEBUG] 2017-01-18 14:36:17.063 [JavaFX Application Thread] MainController - 75.0
[DEBUG] 2017-01-18 14:36:17.088 [JavaFX Application Thread] MainController - 50.0
[DEBUG] 2017-01-18 14:36:17.112 [JavaFX Application Thread] MainController - 25.0
[DEBUG] 2017-01-18 14:36:17.428 [JavaFX Application Thread] MainController - 0.0
[DEBUG] 2017-01-18 14:36:28.959 [JavaFX Application Thread] MainController - 25.0
[DEBUG] 2017-01-18 14:36:29.727 [JavaFX Application Thread] MainController - 0.0
[DEBUG] 2017-01-18 14:42:06.453 [JavaFX Application Thread] MainController - Hello
[DEBUG] 2017-01-18 14:42:11.112 [JavaFX Application Thread] MainController - Current X: 603.0
[DEBUG] 2017-01-18 14:42:11.112 [JavaFX Application Thread] MainController - Current Y : 456.0
[DEBUG] 2017-01-18 14:42:19.153 [JavaFX Application Thread] MainController - Current X: 673.0
[DEBUG] 2017-01-18 14:42:19.154 [JavaFX Application Thread] MainController - Current Y : 704.0
[DEBUG] 2017-01-18 14:42:30.181 [JavaFX Application Thread] MainController - Current X: 669.0
[DEBUG] 2017-01-18 14:42:30.181 [JavaFX Application Thread] MainController - Current Y : 652.0
[DEBUG] 2017-01-18 14:42:34.109 [JavaFX Application Thread] MainController - Current X: 669.0
[DEBUG] 2017-01-18 14:42:34.109 [JavaFX Application Thread] MainController - Current Y : 652.0
[DEBUG] 2017-01-18 14:42:40.176 [JavaFX Application Thread] MainController - Current X: 667.0
[DEBUG] 2017-01-18 14:42:40.177 [JavaFX Application Thread] MainController - Current Y : 652.0
[DEBUG] 2017-01-18 14:42:57.141 [JavaFX Application Thread] MainController - Current X: 721.0
[DEBUG] 2017-01-18 14:42:57.141 [JavaFX Application Thread] MainController - Current Y : 706.0
[DEBUG] 2017-01-18 14:43:02.300 [JavaFX Application Thread] MainController - Current X: 707.0
[DEBUG] 2017-01-18 14:43:02.300 [JavaFX Application Thread] MainController - Current Y : 708.0
[DEBUG] 2017-01-18 14:43:07.932 [JavaFX Application Thread] MainController - Current X: 657.0
[DEBUG] 2017-01-18 14:43:07.933 [JavaFX Application Thread] MainController - Current Y : 709.0
[DEBUG] 2017-01-18 14:43:14.004 [JavaFX Application Thread] MainController - Current X: 706.0
[DEBUG] 2017-01-18 14:43:14.004 [JavaFX Application Thread] MainController - Current Y : 50.0
[DEBUG] 2017-01-18 14:43:15.764 [JavaFX Application Thread] MainController - Current X: 743.0
[DEBUG] 2017-01-18 14:43:15.764 [JavaFX Application Thread] MainController - Current Y : 51.0
[DEBUG] 2017-01-18 14:43:17.345 [JavaFX Application Thread] MainController - Current X: 1007.0
[DEBUG] 2017-01-18 14:43:17.346 [JavaFX Application Thread] MainController - Current Y : 57.0
[DEBUG] 2017-01-18 14:43:18.156 [JavaFX Application Thread] MainController - Current X: 1188.0
[DEBUG] 2017-01-18 14:43:18.156 [JavaFX Application Thread] MainController - Current Y : 63.0
[DEBUG] 2017-01-18 14:43:20.556 [JavaFX Application Thread] MainController - Current X: 1295.0
[DEBUG] 2017-01-18 14:43:20.557 [JavaFX Application Thread] MainController - Current Y : 57.0
[DEBUG] 2017-01-18 14:43:25.996 [JavaFX Application Thread] MainController - Current X: 1316.0
[DEBUG] 2017-01-18 14:43:25.997 [JavaFX Application Thread] MainController - Current Y : 68.0
[DEBUG] 2017-01-18 14:43:33.072 [JavaFX Application Thread] MainController - Current X: 575.0
[DEBUG] 2017-01-18 14:43:33.073 [JavaFX Application Thread] MainController - Current Y : 692.0
[DEBUG] 2017-01-18 14:43:38.212 [JavaFX Application Thread] MainController - Current X: 729.0
[DEBUG] 2017-01-18 14:43:38.212 [JavaFX Application Thread] MainController - Current Y : 167.0
[DEBUG] 2017-01-18 14:43:39.005 [JavaFX Application Thread] MainController - Current X: 1021.0
[DEBUG] 2017-01-18 14:43:39.005 [JavaFX Application Thread] MainController - Current Y : 252.0
[DEBUG] 2017-01-18 14:43:40.204 [JavaFX Application Thread] MainController - Current X: 1119.0
[DEBUG] 2017-01-18 14:43:40.204 [JavaFX Application Thread] MainController - Current Y : 379.0
[DEBUG] 2017-01-18 14:43:41.044 [JavaFX Application Thread] MainController - Current X: 1214.0
[DEBUG] 2017-01-18 14:43:41.044 [JavaFX Application Thread] MainController - Current Y : 424.0
[DEBUG] 2017-01-18 14:43:41.692 [JavaFX Application Thread] MainController - Current X: 1270.0
[DEBUG] 2017-01-18 14:43:41.692 [JavaFX Application Thread] MainController - Current Y : 527.0
[DEBUG] 2017-01-18 14:43:42.388 [JavaFX Application Thread] MainController - Current X: 1317.0
[DEBUG] 2017-01-18 14:43:42.388 [JavaFX Application Thread] MainController - Current Y : 577.0
[DEBUG] 2017-01-18 14:43:43.444 [JavaFX Application Thread] MainController - Current X: 1354.0
[DEBUG] 2017-01-18 14:43:43.444 [JavaFX Application Thread] MainController - Current Y : 662.0
[DEBUG] 2017-01-18 14:43:44.192 [JavaFX Application Thread] MainController - Current X: 1167.0
[DEBUG] 2017-01-18 14:43:44.193 [JavaFX Application Thread] MainController - Current Y : 673.0
[DEBUG] 2017-01-18 14:43:44.701 [JavaFX Application Thread] MainController - Current X: 1037.0
[DEBUG] 2017-01-18 14:43:44.701 [JavaFX Application Thread] MainController - Current Y : 656.0
[DEBUG] 2017-01-18 14:43:46.878 [JavaFX Application Thread] MainController - Current X: 575.0
[DEBUG] 2017-01-18 14:43:46.879 [JavaFX Application Thread] MainController - Current Y : 26.0
[DEBUG] 2017-01-18 14:43:50.036 [JavaFX Application Thread] MainController - Current X: 574.0
[DEBUG] 2017-01-18 14:43:50.036 [JavaFX Application Thread] MainController - Current Y : 27.0
[DEBUG] 2017-01-18 14:43:51.044 [JavaFX Application Thread] MainController - Current X: 574.0
[DEBUG] 2017-01-18 14:43:51.044 [JavaFX Application Thread] MainController - Current Y : 27.0
[DEBUG] 2017-01-18 14:43:53.724 [JavaFX Application Thread] MainController - Current X: 574.0
[DEBUG] 2017-01-18 14:43:53.725 [JavaFX Application Thread] MainController - Current Y : 27.0
[DEBUG] 2017-01-18 14:43:54.372 [JavaFX Application Thread] MainController - Current X: 574.0
[DEBUG] 2017-01-18 14:43:54.372 [JavaFX Application Thread] MainController - Current Y : 27.0
[DEBUG] 2017-01-18 14:43:54.956 [JavaFX Application Thread] MainController - Current X: 574.0
[DEBUG] 2017-01-18 14:43:54.957 [JavaFX Application Thread] MainController - Current Y : 27.0
[DEBUG] 2017-01-18 14:43:55.653 [JavaFX Application Thread] MainController - Current X: 574.0
[DEBUG] 2017-01-18 14:43:55.653 [JavaFX Application Thread] MainController - Current Y : 27.0
[DEBUG] 2017-01-18 14:43:56.028 [JavaFX Application Thread] MainController - Current X: 574.0
[DEBUG] 2017-01-18 14:43:56.028 [JavaFX Application Thread] MainController - Current Y : 27.0
[DEBUG] 2017-01-18 14:43:56.276 [JavaFX Application Thread] MainController - Current X: 574.0
[DEBUG] 2017-01-18 14:43:56.277 [JavaFX Application Thread] MainController - Current Y : 27.0
[DEBUG] 2017-01-18 14:43:56.509 [JavaFX Application Thread] MainController - Current X: 574.0
[DEBUG] 2017-01-18 14:43:56.509 [JavaFX Application Thread] MainController - Current Y : 27.0
[DEBUG] 2017-01-18 14:43:56.708 [JavaFX Application Thread] MainController - Current X: 574.0
[DEBUG] 2017-01-18 14:43:56.708 [JavaFX Application Thread] MainController - Current Y : 27.0
[DEBUG] 2017-01-18 14:43:56.900 [JavaFX Application Thread] MainController - Current X: 574.0
[DEBUG] 2017-01-18 14:43:56.900 [JavaFX Application Thread] MainController - Current Y : 27.0
[DEBUG] 2017-01-18 14:43:57.076 [JavaFX Application Thread] MainController - Current X: 574.0
[DEBUG] 2017-01-18 14:43:57.076 [JavaFX Application Thread] MainController - Current Y : 27.0
[DEBUG] 2017-01-18 14:43:57.260 [JavaFX Application Thread] MainController - Current X: 574.0
[DEBUG] 2017-01-18 14:43:57.260 [JavaFX Application Thread] MainController - Current Y : 27.0
[DEBUG] 2017-01-18 14:43:57.452 [JavaFX Application Thread] MainController - Current X: 574.0
[DEBUG] 2017-01-18 14:43:57.453 [JavaFX Application Thread] MainController - Current Y : 27.0
[DEBUG] 2017-01-18 14:44:04.309 [JavaFX Application Thread] MainController - Current X: 1355.0
[DEBUG] 2017-01-18 14:44:04.309 [JavaFX Application Thread] MainController - Current Y : 44.0
[DEBUG] 2017-01-18 14:44:05.660 [JavaFX Application Thread] MainController - Current X: 1365.0
[DEBUG] 2017-01-18 14:44:05.660 [JavaFX Application Thread] MainController - Current Y : 54.0
[DEBUG] 2017-01-18 14:44:10.652 [JavaFX Application Thread] MainController - Current X: 1276.0
[DEBUG] 2017-01-18 14:44:10.652 [JavaFX Application Thread] MainController - Current Y : 50.0
[DEBUG] 2017-01-18 14:44:11.373 [JavaFX Application Thread] MainController - Current X: 1276.0
[DEBUG] 2017-01-18 14:44:11.373 [JavaFX Application Thread] MainController - Current Y : 50.0
[DEBUG] 2017-01-18 14:44:21.316 [JavaFX Application Thread] MainController - Current X: 1263.0
[DEBUG] 2017-01-18 14:44:21.316 [JavaFX Application Thread] MainController - Current Y : 352.0
[DEBUG] 2017-01-18 14:44:22.060 [JavaFX Application Thread] MainController - Current X: 1194.0
[DEBUG] 2017-01-18 14:44:22.060 [JavaFX Application Thread] MainController - Current Y : 339.0
[DEBUG] 2017-01-18 14:44:22.467 [JavaFX Application Thread] MainController - Current X: 1073.0
[DEBUG] 2017-01-18 14:44:22.468 [JavaFX Application Thread] MainController - Current Y : 330.0
[DEBUG] 2017-01-18 14:44:22.805 [JavaFX Application Thread] MainController - Current X: 1081.0
[DEBUG] 2017-01-18 14:44:22.805 [JavaFX Application Thread] MainController - Current Y : 489.0
[DEBUG] 2017-01-18 14:44:23.099 [JavaFX Application Thread] MainController - Current X: 1319.0
[DEBUG] 2017-01-18 14:44:23.100 [JavaFX Application Thread] MainController - Current Y : 561.0
[DEBUG] 2017-01-18 14:44:23.652 [JavaFX Application Thread] MainController - Current X: 1111.0
[DEBUG] 2017-01-18 14:44:23.652 [JavaFX Application Thread] MainController - Current Y : 618.0
[DEBUG] 2017-01-18 14:44:24.635 [JavaFX Application Thread] MainController - Current X: 1213.0
[DEBUG] 2017-01-18 14:44:24.636 [JavaFX Application Thread] MainController - Current Y : 419.0
[DEBUG] 2017-01-18 14:44:25.045 [JavaFX Application Thread] MainController - Current X: 1100.0
[DEBUG] 2017-01-18 14:44:25.045 [JavaFX Application Thread] MainController - Current Y : 419.0
[DEBUG] 2017-01-18 14:44:25.541 [JavaFX Application Thread] MainController - Current X: 1042.0
[DEBUG] 2017-01-18 14:44:25.541 [JavaFX Application Thread] MainController - Current Y : 412.0
[DEBUG] 2017-01-18 14:44:26.028 [JavaFX Application Thread] MainController - Current X: 929.0
[DEBUG] 2017-01-18 14:44:26.030 [JavaFX Application Thread] MainController - Current Y : 414.0
[DEBUG] 2017-01-18 14:44:26.492 [JavaFX Application Thread] MainController - Current X: 842.0
[DEBUG] 2017-01-18 14:44:26.493 [JavaFX Application Thread] MainController - Current Y : 417.0
[DEBUG] 2017-01-18 14:44:26.940 [JavaFX Application Thread] MainController - Current X: 757.0
[DEBUG] 2017-01-18 14:44:26.940 [JavaFX Application Thread] MainController - Current Y : 416.0
[DEBUG] 2017-01-18 14:44:27.532 [JavaFX Application Thread] MainController - Current X: 653.0
[DEBUG] 2017-01-18 14:44:27.532 [JavaFX Application Thread] MainController - Current Y : 413.0
[DEBUG] 2017-01-18 14:44:28.116 [JavaFX Application Thread] MainController - Current X: 628.0
[DEBUG] 2017-01-18 14:44:28.116 [JavaFX Application Thread] MainController - Current Y : 421.0
[DEBUG] 2017-01-18 14:44:29.214 [JavaFX Application Thread] MainController - Current X: 618.0
[DEBUG] 2017-01-18 14:44:29.215 [JavaFX Application Thread] MainController - Current Y : 441.0
[DEBUG] 2017-01-18 14:44:29.972 [JavaFX Application Thread] MainController - Current X: 600.0
[DEBUG] 2017-01-18 14:44:29.972 [JavaFX Application Thread] MainController - Current Y : 443.0
[DEBUG] 2017-01-18 14:44:30.429 [JavaFX Application Thread] MainController - Current X: 582.0
[DEBUG] 2017-01-18 14:44:30.430 [JavaFX Application Thread] MainController - Current Y : 443.0
[DEBUG] 2017-01-18 14:44:30.940 [JavaFX Application Thread] MainController - Current X: 576.0
[DEBUG] 2017-01-18 14:44:30.940 [JavaFX Application Thread] MainController - Current Y : 443.0
[DEBUG] 2017-01-18 14:44:31.731 [JavaFX Application Thread] MainController - Current X: 567.0
[DEBUG] 2017-01-18 14:44:31.731 [JavaFX Application Thread] MainController - Current Y : 443.0
[DEBUG] 2017-01-18 14:44:32.348 [JavaFX Application Thread] MainController - Current X: 567.0
[DEBUG] 2017-01-18 14:44:32.348 [JavaFX Application Thread] MainController - Current Y : 443.0
[DEBUG] 2017-01-18 14:44:32.628 [JavaFX Application Thread] MainController - Current X: 567.0
[DEBUG] 2017-01-18 14:44:32.629 [JavaFX Application Thread] MainController - Current Y : 443.0
[DEBUG] 2017-01-18 14:44:33.052 [JavaFX Application Thread] MainController - Current X: 567.0
[DEBUG] 2017-01-18 14:44:33.052 [JavaFX Application Thread] MainController - Current Y : 443.0
[DEBUG] 2017-01-18 14:44:38.763 [JavaFX Application Thread] MainController - Current X: 568.0
[DEBUG] 2017-01-18 14:44:38.764 [JavaFX Application Thread] MainController - Current Y : 440.0
[DEBUG] 2017-01-18 14:44:39.333 [JavaFX Application Thread] MainController - Current X: 568.0
[DEBUG] 2017-01-18 14:44:39.333 [JavaFX Application Thread] MainController - Current Y : 440.0
[DEBUG] 2017-01-18 14:44:40.044 [JavaFX Application Thread] MainController - Current X: 586.0
[DEBUG] 2017-01-18 14:44:40.044 [JavaFX Application Thread] MainController - Current Y : 438.0
[DEBUG] 2017-01-18 14:44:40.548 [JavaFX Application Thread] MainController - Current X: 627.0
[DEBUG] 2017-01-18 14:44:40.548 [JavaFX Application Thread] MainController - Current Y : 424.0
[DEBUG] 2017-01-18 14:44:41.221 [JavaFX Application Thread] MainController - Current X: 637.0
[DEBUG] 2017-01-18 14:44:41.221 [JavaFX Application Thread] MainController - Current Y : 392.0
[DEBUG] 2017-01-18 14:44:41.652 [JavaFX Application Thread] MainController - Current X: 660.0
[DEBUG] 2017-01-18 14:44:41.653 [JavaFX Application Thread] MainController - Current Y : 291.0
[DEBUG] 2017-01-18 14:44:42.157 [JavaFX Application Thread] MainController - Current X: 650.0
[DEBUG] 2017-01-18 14:44:42.158 [JavaFX Application Thread] MainController - Current Y : 230.0
[DEBUG] 2017-01-18 14:44:42.588 [JavaFX Application Thread] MainController - Current X: 632.0
[DEBUG] 2017-01-18 14:44:42.589 [JavaFX Application Thread] MainController - Current Y : 175.0
[DEBUG] 2017-01-18 14:44:42.988 [JavaFX Application Thread] MainController - Current X: 619.0
[DEBUG] 2017-01-18 14:44:42.988 [JavaFX Application Thread] MainController - Current Y : 126.0
[DEBUG] 2017-01-18 14:44:43.492 [JavaFX Application Thread] MainController - Current X: 615.0
[DEBUG] 2017-01-18 14:44:43.492 [JavaFX Application Thread] MainController - Current Y : 106.0
[DEBUG] 2017-01-18 14:44:44.885 [JavaFX Application Thread] MainController - Current X: 606.0
[DEBUG] 2017-01-18 14:44:44.885 [JavaFX Application Thread] MainController - Current Y : 93.0
[DEBUG] 2017-01-18 14:44:45.389 [JavaFX Application Thread] MainController - Current X: 594.0
[DEBUG] 2017-01-18 14:44:45.390 [JavaFX Application Thread] MainController - Current Y : 72.0
[DEBUG] 2017-01-18 14:44:45.980 [JavaFX Application Thread] MainController - Current X: 589.0
[DEBUG] 2017-01-18 14:44:45.980 [JavaFX Application Thread] MainController - Current Y : 58.0
[DEBUG] 2017-01-18 14:44:46.899 [JavaFX Application Thread] MainController - Current X: 585.0
[DEBUG] 2017-01-18 14:44:46.899 [JavaFX Application Thread] MainController - Current Y : 47.0
[DEBUG] 2017-01-18 14:44:48.015 [JavaFX Application Thread] MainController - Current X: 568.0
[DEBUG] 2017-01-18 14:44:48.015 [JavaFX Application Thread] MainController - Current Y : 37.0
[DEBUG] 2017-01-18 14:44:48.555 [JavaFX Application Thread] MainController - Current X: 568.0
[DEBUG] 2017-01-18 14:44:48.555 [JavaFX Application Thread] MainController - Current Y : 37.0
[DEBUG] 2017-01-18 14:44:48.764 [JavaFX Application Thread] MainController - Current X: 568.0
[DEBUG] 2017-01-18 14:44:48.764 [JavaFX Application Thread] MainController - Current Y : 37.0
[DEBUG] 2017-01-18 14:44:48.948 [JavaFX Application Thread] MainController - Current X: 568.0
[DEBUG] 2017-01-18 14:44:48.948 [JavaFX Application Thread] MainController - Current Y : 37.0
[DEBUG] 2017-01-18 14:44:49.124 [JavaFX Application Thread] MainController - Current X: 568.0
[DEBUG] 2017-01-18 14:44:49.124 [JavaFX Application Thread] MainController - Current Y : 37.0
[DEBUG] 2017-01-18 14:44:49.299 [JavaFX Application Thread] MainController - Current X: 568.0
[DEBUG] 2017-01-18 14:44:49.300 [JavaFX Application Thread] MainController - Current Y : 37.0
[DEBUG] 2017-01-18 14:44:49.483 [JavaFX Application Thread] MainController - Current X: 568.0
[DEBUG] 2017-01-18 14:44:49.484 [JavaFX Application Thread] MainController - Current Y : 37.0
[DEBUG] 2017-01-18 14:44:49.667 [JavaFX Application Thread] MainController - Current X: 568.0
[DEBUG] 2017-01-18 14:44:49.668 [JavaFX Application Thread] MainController - Current Y : 37.0
[DEBUG] 2017-01-18 14:44:52.204 [JavaFX Application Thread] MainController - Current X: 872.0
[DEBUG] 2017-01-18 14:44:52.204 [JavaFX Application Thread] MainController - Current Y : 342.0
[DEBUG] 2017-01-18 14:44:55.172 [JavaFX Application Thread] MainController - Current X: 569.0
[DEBUG] 2017-01-18 14:44:55.172 [JavaFX Application Thread] MainController - Current Y : 40.0
[DEBUG] 2017-01-18 14:45:03.395 [JavaFX Application Thread] MainController - Current X: 632.0
[DEBUG] 2017-01-18 14:45:03.395 [JavaFX Application Thread] MainController - Current Y : 455.0
[DEBUG] 2017-01-18 14:45:09.116 [JavaFX Application Thread] MainController - Current X: 1319.0
[DEBUG] 2017-01-18 14:45:09.116 [JavaFX Application Thread] MainController - Current Y : 254.0
[DEBUG] 2017-01-18 14:45:12.660 [JavaFX Application Thread] MainController - Current X: 630.0
[DEBUG] 2017-01-18 14:45:12.660 [JavaFX Application Thread] MainController - Current Y : 460.0
[DEBUG] 2017-01-18 14:45:16.947 [JavaFX Application Thread] MainController - Current X: 631.0
[DEBUG] 2017-01-18 14:45:16.947 [JavaFX Application Thread] MainController - Current Y : 457.0
[DEBUG] 2017-01-18 14:45:17.765 [JavaFX Application Thread] MainController - Current X: 631.0
[DEBUG] 2017-01-18 14:45:17.766 [JavaFX Application Thread] MainController - Current Y : 457.0
[DEBUG] 2017-01-18 14:45:18.771 [JavaFX Application Thread] MainController - Current X: 630.0
[DEBUG] 2017-01-18 14:45:18.771 [JavaFX Application Thread] MainController - Current Y : 455.0
[DEBUG] 2017-01-18 14:45:21.451 [JavaFX Application Thread] MainController - Current X: 630.0
[DEBUG] 2017-01-18 14:45:21.451 [JavaFX Application Thread] MainController - Current Y : 455.0
[DEBUG] 2017-01-18 14:45:25.027 [JavaFX Application Thread] MainController - Current X: 1152.0
[DEBUG] 2017-01-18 14:45:25.027 [JavaFX Application Thread] MainController - Current Y : 317.0
[DEBUG] 2017-01-18 14:45:27.933 [JavaFX Application Thread] MainController - Current X: 630.0
[DEBUG] 2017-01-18 14:45:27.933 [JavaFX Application Thread] MainController - Current Y : 456.0
[DEBUG] 2017-01-18 14:45:37.987 [JavaFX Application Thread] MainController - Current X: 579.0
[DEBUG] 2017-01-18 14:45:37.988 [JavaFX Application Thread] MainController - Current Y : 645.0
[DEBUG] 2017-01-18 14:45:40.971 [JavaFX Application Thread] MainController - Current X: 579.0
[DEBUG] 2017-01-18 14:45:40.971 [JavaFX Application Thread] MainController - Current Y : 645.0
[DEBUG] 2017-01-18 14:45:41.660 [JavaFX Application Thread] MainController - Current X: 579.0
[DEBUG] 2017-01-18 14:45:41.661 [JavaFX Application Thread] MainController - Current Y : 645.0
[DEBUG] 2017-01-18 14:45:44.787 [JavaFX Application Thread] MainController - Current X: 582.0
[DEBUG] 2017-01-18 14:45:44.787 [JavaFX Application Thread] MainController - Current Y : 701.0
[DEBUG] 2017-01-18 14:45:47.188 [JavaFX Application Thread] MainController - Current X: 583.0
[DEBUG] 2017-01-18 14:45:47.188 [JavaFX Application Thread] MainController - Current Y : 643.0
[DEBUG] 2017-01-18 14:45:49.419 [JavaFX Application Thread] MainController - Current X: 576.0
[DEBUG] 2017-01-18 14:45:49.419 [JavaFX Application Thread] MainController - Current Y : 640.0
[DEBUG] 2017-01-18 14:45:53.291 [JavaFX Application Thread] MainController - Current X: 644.0
[DEBUG] 2017-01-18 14:45:53.291 [JavaFX Application Thread] MainController - Current Y : 639.0
[DEBUG] 2017-01-18 14:45:59.237 [JavaFX Application Thread] MainController - Current X: 570.0
[DEBUG] 2017-01-18 14:45:59.238 [JavaFX Application Thread] MainController - Current Y : 572.0
[DEBUG] 2017-01-18 14:46:01.349 [JavaFX Application Thread] MainController - Current X: 570.0
[DEBUG] 2017-01-18 14:46:01.349 [JavaFX Application Thread] MainController - Current Y : 572.0
[DEBUG] 2017-01-18 14:46:15.547 [JavaFX Application Thread] MainController - Current X: 644.0
[DEBUG] 2017-01-18 14:46:15.547 [JavaFX Application Thread] MainController - Current Y : 641.0
[DEBUG] 2017-01-18 14:46:18.123 [JavaFX Application Thread] MainController - Current X: 582.0
[DEBUG] 2017-01-18 14:46:18.124 [JavaFX Application Thread] MainController - Current Y : 643.0
[DEBUG] 2017-01-18 14:46:22.771 [JavaFX Application Thread] MainController - Current X: 573.0
[DEBUG] 2017-01-18 14:46:22.771 [JavaFX Application Thread] MainController - Current Y : 572.0
[DEBUG] 2017-01-18 14:46:25.473 [JavaFX Application Thread] MainController - Current X: 569.0
[DEBUG] 2017-01-18 14:46:25.473 [JavaFX Application Thread] MainController - Current Y : 552.0
[DEBUG] 2017-01-18 14:46:40.595 [JavaFX Application Thread] MainController - Current X: 582.0
[DEBUG] 2017-01-18 14:46:40.595 [JavaFX Application Thread] MainController - Current Y : 644.0
[DEBUG] 2017-01-18 14:47:07.866 [JavaFX Application Thread] MainController - Current X: 567.0
[DEBUG] 2017-01-18 14:47:07.866 [JavaFX Application Thread] MainController - Current Y : 563.0
[DEBUG] 2017-01-18 14:47:08.883 [JavaFX Application Thread] MainController - Current X: 568.0
[DEBUG] 2017-01-18 14:47:08.883 [JavaFX Application Thread] MainController - Current Y : 571.0
[DEBUG] 2017-01-18 14:47:31.682 [JavaFX Application Thread] MainController - Current X: 568.0
[DEBUG] 2017-01-18 14:47:31.682 [JavaFX Application Thread] MainController - Current Y : 571.0
[DEBUG] 2017-01-18 14:47:32.434 [JavaFX Application Thread] MainController - Current X: 568.0
[DEBUG] 2017-01-18 14:47:32.435 [JavaFX Application Thread] MainController - Current Y : 571.0
[DEBUG] 2017-01-18 14:47:32.987 [JavaFX Application Thread] MainController - Current X: 568.0
[DEBUG] 2017-01-18 14:47:32.987 [JavaFX Application Thread] MainController - Current Y : 571.0
[DEBUG] 2017-01-18 14:47:34.003 [JavaFX Application Thread] MainController - Current X: 568.0
[DEBUG] 2017-01-18 14:47:34.004 [JavaFX Application Thread] MainController - Current Y : 571.0
[DEBUG] 2017-01-18 14:47:34.258 [JavaFX Application Thread] MainController - Current X: 568.0
[DEBUG] 2017-01-18 14:47:34.258 [JavaFX Application Thread] MainController - Current Y : 571.0
[DEBUG] 2017-01-18 14:47:34.426 [JavaFX Application Thread] MainController - Current X: 568.0
[DEBUG] 2017-01-18 14:47:34.427 [JavaFX Application Thread] MainController - Current Y : 571.0
[DEBUG] 2017-01-18 14:47:34.906 [JavaFX Application Thread] MainController - Current X: 568.0
[DEBUG] 2017-01-18 14:47:34.907 [JavaFX Application Thread] MainController - Current Y : 571.0
[DEBUG] 2017-01-18 14:47:47.131 [JavaFX Application Thread] MainController - Current X: 581.0
[DEBUG] 2017-01-18 14:47:47.131 [JavaFX Application Thread] MainController - Current Y : 644.0
[DEBUG] 2017-01-18 14:50:32.049 [JavaFX Application Thread] MainController - Current X: 671.0
[DEBUG] 2017-01-18 14:50:32.050 [JavaFX Application Thread] MainController - Current Y : 541.0
[DEBUG] 2017-01-18 14:50:38.954 [JavaFX Application Thread] MainController - Current X: 583.0
[DEBUG] 2017-01-18 14:50:38.954 [JavaFX Application Thread] MainController - Current Y : 642.0
[DEBUG] 2017-01-18 14:50:40.505 [JavaFX Application Thread] MainController - Current X: 583.0
[DEBUG] 2017-01-18 14:50:40.505 [JavaFX Application Thread] MainController - Current Y : 642.0
[DEBUG] 2017-01-18 14:50:50.057 [JavaFX Application Thread] MainController - Current X: 580.0
[DEBUG] 2017-01-18 14:50:50.058 [JavaFX Application Thread] MainController - Current Y : 645.0
[DEBUG] 2017-01-18 14:50:51.777 [JavaFX Application Thread] MainController - Current X: 581.0
[DEBUG] 2017-01-18 14:50:51.778 [JavaFX Application Thread] MainController - Current Y : 645.0
[DEBUG] 2017-01-18 14:52:46.115 [JavaFX Application Thread] MainController - Hello
[DEBUG] 2017-01-18 14:52:54.717 [JavaFX Application Thread] MainController - Player 1 : 375.0
[DEBUG] 2017-01-18 14:52:55.030 [JavaFX Application Thread] MainController - Player 1 : 350.0
[DEBUG] 2017-01-18 14:52:55.312 [JavaFX Application Thread] MainController - Player 1 : 325.0
[DEBUG] 2017-01-18 14:52:55.504 [JavaFX Application Thread] MainController - Player 1 : 300.0
[DEBUG] 2017-01-18 14:52:55.676 [JavaFX Application Thread] MainController - Player 1 : 275.0
[DEBUG] 2017-01-18 14:52:55.850 [JavaFX Application Thread] MainController - Player 1 : 250.0
[DEBUG] 2017-01-18 14:52:56.021 [JavaFX Application Thread] MainController - Player 1 : 225.0
[DEBUG] 2017-01-18 14:52:56.202 [JavaFX Application Thread] MainController - Player 1 : 200.0
[DEBUG] 2017-01-18 14:52:56.386 [JavaFX Application Thread] MainController - Player 1 : 175.0
[DEBUG] 2017-01-18 14:52:56.555 [JavaFX Application Thread] MainController - Player 1 : 150.0
[DEBUG] 2017-01-18 14:52:56.918 [JavaFX Application Thread] MainController - Player 1 : 125.0
[DEBUG] 2017-01-18 14:52:57.173 [JavaFX Application Thread] MainController - Player 1 : 100.0
[DEBUG] 2017-01-18 14:52:57.377 [JavaFX Application Thread] MainController - Player 1 : 75.0
[DEBUG] 2017-01-18 14:52:57.817 [JavaFX Application Thread] MainController - Player 1 : 50.0
[DEBUG] 2017-01-18 14:52:58.148 [JavaFX Application Thread] MainController - Player 1 : 25.0
[DEBUG] 2017-01-18 14:52:58.433 [JavaFX Application Thread] MainController - Player 1 : 0.0
[DEBUG] 2017-01-18 14:53:09.879 [JavaFX Application Thread] MainController - Player 1 : 25.0
[DEBUG] 2017-01-18 14:53:10.318 [JavaFX Application Thread] MainController - Player 1 : 50.0
[DEBUG] 2017-01-18 14:53:10.341 [JavaFX Application Thread] MainController - Player 1 : 75.0
[DEBUG] 2017-01-18 14:53:10.366 [JavaFX Application Thread] MainController - Player 1 : 100.0
[DEBUG] 2017-01-18 14:53:10.392 [JavaFX Application Thread] MainController - Player 1 : 125.0
[DEBUG] 2017-01-18 14:53:10.413 [JavaFX Application Thread] MainController - Player 1 : 150.0
[DEBUG] 2017-01-18 14:53:10.438 [JavaFX Application Thread] MainController - Player 1 : 175.0
[DEBUG] 2017-01-18 14:53:10.462 [JavaFX Application Thread] MainController - Player 1 : 200.0
[DEBUG] 2017-01-18 14:53:10.489 [JavaFX Application Thread] MainController - Player 1 : 225.0
[DEBUG] 2017-01-18 14:53:10.511 [JavaFX Application Thread] MainController - Player 1 : 250.0
[DEBUG] 2017-01-18 14:53:10.535 [JavaFX Application Thread] MainController - Player 1 : 275.0
[DEBUG] 2017-01-18 14:53:10.560 [JavaFX Application Thread] MainController - Player 1 : 300.0
[DEBUG] 2017-01-18 14:53:10.583 [JavaFX Application Thread] MainController - Player 1 : 325.0
[DEBUG] 2017-01-18 14:53:10.607 [JavaFX Application Thread] MainController - Player 1 : 350.0
[DEBUG] 2017-01-18 14:53:10.631 [JavaFX Application Thread] MainController - Player 1 : 375.0
[DEBUG] 2017-01-18 14:53:10.656 [JavaFX Application Thread] MainController - Player 1 : 400.0
[DEBUG] 2017-01-18 14:53:10.680 [JavaFX Application Thread] MainController - Player 1 : 425.0
[DEBUG] 2017-01-18 14:53:10.704 [JavaFX Application Thread] MainController - Player 1 : 450.0
[DEBUG] 2017-01-18 14:53:10.728 [JavaFX Application Thread] MainController - Player 1 : 475.0
[DEBUG] 2017-01-18 14:53:10.752 [JavaFX Application Thread] MainController - Player 1 : 500.0
[DEBUG] 2017-01-18 14:53:10.776 [JavaFX Application Thread] MainController - Player 1 : 525.0
[DEBUG] 2017-01-18 14:53:10.800 [JavaFX Application Thread] MainController - Player 1 : 550.0
[DEBUG] 2017-01-18 14:53:10.826 [JavaFX Application Thread] MainController - Player 1 : 575.0
[DEBUG] 2017-01-18 14:53:11.048 [JavaFX Application Thread] MainController - Player 1 : 550.0
[DEBUG] 2017-01-18 14:53:11.489 [JavaFX Application Thread] MainController - Player 1 : 525.0
[DEBUG] 2017-01-18 14:53:11.518 [JavaFX Application Thread] MainController - Player 1 : 500.0
[DEBUG] 2017-01-18 14:53:11.536 [JavaFX Application Thread] MainController - Player 1 : 475.0
[DEBUG] 2017-01-18 14:53:11.562 [JavaFX Application Thread] MainController - Player 1 : 450.0
[DEBUG] 2017-01-18 14:53:11.585 [JavaFX Application Thread] MainController - Player 1 : 425.0
[DEBUG] 2017-01-18 14:53:11.609 [JavaFX Application Thread] MainController - Player 1 : 400.0
[DEBUG] 2017-01-18 14:53:11.633 [JavaFX Application Thread] MainController - Player 1 : 375.0
[DEBUG] 2017-01-18 14:53:11.665 [JavaFX Application Thread] MainController - Player 1 : 350.0
[DEBUG] 2017-01-18 14:53:11.699 [JavaFX Application Thread] MainController - Player 1 : 325.0
[DEBUG] 2017-01-18 14:53:11.706 [JavaFX Application Thread] MainController - Player 1 : 300.0
[DEBUG] 2017-01-18 14:53:11.732 [JavaFX Application Thread] MainController - Player 1 : 275.0
[DEBUG] 2017-01-18 14:53:11.755 [JavaFX Application Thread] MainController - Player 1 : 250.0
[DEBUG] 2017-01-18 14:53:11.779 [JavaFX Application Thread] MainController - Player 1 : 225.0
[DEBUG] 2017-01-18 14:53:11.802 [JavaFX Application Thread] MainController - Player 1 : 200.0
[DEBUG] 2017-01-18 14:53:11.826 [JavaFX Application Thread] MainController - Player 1 : 175.0
[DEBUG] 2017-01-18 14:53:11.851 [JavaFX Application Thread] MainController - Player 1 : 150.0
[DEBUG] 2017-01-18 14:53:11.876 [JavaFX Application Thread] MainController - Player 1 : 125.0
[DEBUG] 2017-01-18 14:53:11.899 [JavaFX Application Thread] MainController - Player 1 : 100.0
[DEBUG] 2017-01-18 14:53:11.923 [JavaFX Application Thread] MainController - Player 1 : 75.0
[DEBUG] 2017-01-18 14:53:11.948 [JavaFX Application Thread] MainController - Player 1 : 50.0
[DEBUG] 2017-01-18 14:53:11.974 [JavaFX Application Thread] MainController - Player 1 : 25.0
[DEBUG] 2017-01-18 14:53:12.286 [JavaFX Application Thread] MainController - Player 1 : 0.0
[DEBUG] 2017-01-18 14:53:16.762 [JavaFX Application Thread] MainController - Player 1 : -25.0
[DEBUG] 2017-01-18 14:53:17.190 [JavaFX Application Thread] MainController - Player 1 : 0.0
[DEBUG] 2017-01-18 14:53:23.724 [JavaFX Application Thread] MainController - Current X: 610.0
[DEBUG] 2017-01-18 14:53:23.724 [JavaFX Application Thread] MainController - Current Y : 642.0
[DEBUG] 2017-01-18 14:53:30.439 [JavaFX Application Thread] MainController - Current X: 611.0
[DEBUG] 2017-01-18 14:53:30.439 [JavaFX Application Thread] MainController - Current Y : 645.0
[DEBUG] 2017-01-18 14:53:31.136 [JavaFX Application Thread] MainController - Current X: 611.0
[DEBUG] 2017-01-18 14:53:31.136 [JavaFX Application Thread] MainController - Current Y : 645.0
[DEBUG] 2017-01-18 14:53:33.216 [JavaFX Application Thread] MainController - Current X: 624.0
[DEBUG] 2017-01-18 14:53:33.217 [JavaFX Application Thread] MainController - Current Y : 639.0
[DEBUG] 2017-01-18 14:53:37.673 [JavaFX Application Thread] MainController - Current X: 604.0
[DEBUG] 2017-01-18 14:53:37.674 [JavaFX Application Thread] MainController - Current Y : 643.0
[DEBUG] 2017-01-18 14:53:39.015 [JavaFX Application Thread] MainController - Current X: 600.0
[DEBUG] 2017-01-18 14:53:39.015 [JavaFX Application Thread] MainController - Current Y : 643.0
[DEBUG] 2017-01-18 14:53:40.202 [JavaFX Application Thread] MainController - Current X: 603.0
[DEBUG] 2017-01-18 14:53:40.202 [JavaFX Application Thread] MainController - Current Y : 630.0
[DEBUG] 2017-01-18 14:53:40.847 [JavaFX Application Thread] MainController - Current X: 607.0
[DEBUG] 2017-01-18 14:53:40.847 [JavaFX Application Thread] MainController - Current Y : 616.0
[DEBUG] 2017-01-18 14:53:41.400 [JavaFX Application Thread] MainController - Current X: 606.0
[DEBUG] 2017-01-18 14:53:41.401 [JavaFX Application Thread] MainController - Current Y : 593.0
[DEBUG] 2017-01-18 14:53:41.991 [JavaFX Application Thread] MainController - Current X: 613.0
[DEBUG] 2017-01-18 14:53:41.992 [JavaFX Application Thread] MainController - Current Y : 560.0
[DEBUG] 2017-01-18 14:53:43.704 [JavaFX Application Thread] MainController - Current X: 603.0
[DEBUG] 2017-01-18 14:53:43.704 [JavaFX Application Thread] MainController - Current Y : 521.0
[DEBUG] 2017-01-18 14:53:44.575 [JavaFX Application Thread] MainController - Current X: 599.0
[DEBUG] 2017-01-18 14:53:44.575 [JavaFX Application Thread] MainController - Current Y : 518.0
[DEBUG] 2017-01-18 14:53:53.152 [JavaFX Application Thread] MainController - Current X: 610.0
[DEBUG] 2017-01-18 14:53:53.152 [JavaFX Application Thread] MainController - Current Y : 574.0
[DEBUG] 2017-01-18 14:54:07.191 [JavaFX Application Thread] MainController - Current X: 311.0
[DEBUG] 2017-01-18 14:54:07.191 [JavaFX Application Thread] MainController - Current Y : 40.0
[DEBUG] 2017-01-18 14:54:09.351 [JavaFX Application Thread] MainController - Current X: 318.0
[DEBUG] 2017-01-18 14:54:09.351 [JavaFX Application Thread] MainController - Current Y : 631.0
[DEBUG] 2017-01-18 14:54:10.495 [JavaFX Application Thread] MainController - Current X: 320.0
[DEBUG] 2017-01-18 14:54:10.495 [JavaFX Application Thread] MainController - Current Y : 634.0
[DEBUG] 2017-01-18 14:54:11.113 [JavaFX Application Thread] MainController - Current X: 319.0
[DEBUG] 2017-01-18 14:54:11.113 [JavaFX Application Thread] MainController - Current Y : 638.0
[DEBUG] 2017-01-18 14:54:16.922 [JavaFX Application Thread] MainController - Current X: 112.0
[DEBUG] 2017-01-18 14:54:16.922 [JavaFX Application Thread] MainController - Current Y : 34.0
[DEBUG] 2017-01-18 14:54:21.018 [JavaFX Application Thread] MainController - Current X: 333.0
[DEBUG] 2017-01-18 14:54:21.018 [JavaFX Application Thread] MainController - Current Y : 50.0
[DEBUG] 2017-01-18 14:54:37.831 [JavaFX Application Thread] MainController - Current X: 689.0
[DEBUG] 2017-01-18 14:54:37.831 [JavaFX Application Thread] MainController - Current Y : 79.0
[DEBUG] 2017-01-18 14:54:53.831 [JavaFX Application Thread] MainController - Current X: 1222.0
[DEBUG] 2017-01-18 14:54:53.832 [JavaFX Application Thread] MainController - Current Y : 167.0
[DEBUG] 2017-01-18 14:55:08.119 [JavaFX Application Thread] MainController - Current X: 757.0
[DEBUG] 2017-01-18 14:55:08.120 [JavaFX Application Thread] MainController - Current Y : 77.0
[DEBUG] 2017-01-18 14:56:31.036 [JavaFX Application Thread] MainController - Hello
[DEBUG] 2017-01-18 14:56:41.523 [JavaFX Application Thread] MainController - Current X: 943.0
[DEBUG] 2017-01-18 14:56:41.524 [JavaFX Application Thread] MainController - Current Y : 644.0
[DEBUG] 2017-01-18 14:56:52.344 [JavaFX Application Thread] MainController - Current X: 951.0
[DEBUG] 2017-01-18 14:56:52.344 [JavaFX Application Thread] MainController - Current Y : 699.0
[DEBUG] 2017-01-18 14:57:30.214 [JavaFX Application Thread] MainController - Current X: 1103.0
[DEBUG] 2017-01-18 14:57:30.215 [JavaFX Application Thread] MainController - Current Y : 636.0
[DEBUG] 2017-01-18 14:57:37.534 [JavaFX Application Thread] MainController - Current X: 1106.0
[DEBUG] 2017-01-18 14:57:37.535 [JavaFX Application Thread] MainController - Current Y : 692.0
[DEBUG] 2017-01-18 14:59:23.845 [JavaFX Application Thread] MainController - Current X: 815.0
[DEBUG] 2017-01-18 14:59:23.845 [JavaFX Application Thread] MainController - Current Y : 632.0
[DEBUG] 2017-01-18 14:59:33.780 [JavaFX Application Thread] MainController - Current X: 815.0
[DEBUG] 2017-01-18 14:59:33.780 [JavaFX Application Thread] MainController - Current Y : 693.0
[DEBUG] 2017-01-18 15:00:09.949 [JavaFX Application Thread] MainController - Current X: 917.0
[DEBUG] 2017-01-18 15:00:09.949 [JavaFX Application Thread] MainController - Current Y : 621.0
[DEBUG] 2017-01-18 15:00:14.692 [JavaFX Application Thread] MainController - Current X: 924.0
[DEBUG] 2017-01-18 15:00:14.692 [JavaFX Application Thread] MainController - Current Y : 694.0
[DEBUG] 2017-01-18 15:00:42.956 [JavaFX Application Thread] MainController - Current X: 1224.0
[DEBUG] 2017-01-18 15:00:42.956 [JavaFX Application Thread] MainController - Current Y : 601.0
[DEBUG] 2017-01-18 15:00:50.244 [JavaFX Application Thread] MainController - Current X: 1229.0
[DEBUG] 2017-01-18 15:00:50.245 [JavaFX Application Thread] MainController - Current Y : 694.0
[DEBUG] 2017-01-18 15:01:24.516 [JavaFX Application Thread] MainController - Current X: 1226.0
[DEBUG] 2017-01-18 15:01:24.516 [JavaFX Application Thread] MainController - Current Y : 598.0
[DEBUG] 2017-01-18 15:01:27.148 [JavaFX Application Thread] MainController - Current X: 1107.0
[DEBUG] 2017-01-18 15:01:27.148 [JavaFX Application Thread] MainController - Current Y : 635.0
[DEBUG] 2017-01-18 15:02:23.845 [JavaFX Application Thread] MainController - Player 1 : 375.0
[DEBUG] 2017-01-18 15:02:24.185 [JavaFX Application Thread] MainController - Player 1 : 350.0
[DEBUG] 2017-01-18 15:02:24.386 [JavaFX Application Thread] MainController - Player 1 : 325.0
[DEBUG] 2017-01-18 15:02:24.555 [JavaFX Application Thread] MainController - Player 1 : 300.0
[DEBUG] 2017-01-18 15:02:24.716 [JavaFX Application Thread] MainController - Player 1 : 275.0
[DEBUG] 2017-01-18 15:02:24.887 [JavaFX Application Thread] MainController - Player 1 : 250.0
[DEBUG] 2017-01-18 15:02:25.058 [JavaFX Application Thread] MainController - Player 1 : 225.0
[DEBUG] 2017-01-18 15:02:25.218 [JavaFX Application Thread] MainController - Player 1 : 200.0
[DEBUG] 2017-01-18 15:02:25.367 [JavaFX Application Thread] MainController - Player 1 : 175.0
[DEBUG] 2017-01-18 15:02:25.524 [JavaFX Application Thread] MainController - Player 1 : 150.0
[DEBUG] 2017-01-18 15:02:25.683 [JavaFX Application Thread] MainController - Player 1 : 125.0
[DEBUG] 2017-01-18 15:02:25.839 [JavaFX Application Thread] MainController - Player 1 : 100.0
[DEBUG] 2017-01-18 15:02:25.976 [JavaFX Application Thread] MainController - Player 1 : 75.0
[DEBUG] 2017-01-18 15:02:26.167 [JavaFX Application Thread] MainController - Player 1 : 50.0
[DEBUG] 2017-01-18 15:02:26.333 [JavaFX Application Thread] MainController - Player 1 : 25.0
[DEBUG] 2017-01-18 15:02:26.503 [JavaFX Application Thread] MainController - Player 1 : 0.0
[DEBUG] 2017-01-18 15:02:34.661 [JavaFX Application Thread] MainController - Player 1 : 25.0
[DEBUG] 2017-01-18 15:02:35.388 [JavaFX Application Thread] MainController - Player 1 : 0.0
[DEBUG] 2017-01-18 15:03:09.967 [JavaFX Application Thread] MainController - Player 1 : 25.0
[DEBUG] 2017-01-18 15:03:10.408 [JavaFX Application Thread] MainController - Player 1 : 50.0
[DEBUG] 2017-01-18 15:03:10.432 [JavaFX Application Thread] MainController - Player 1 : 75.0
[DEBUG] 2017-01-18 15:03:10.456 [JavaFX Application Thread] MainController - Player 1 : 100.0
[DEBUG] 2017-01-18 15:03:10.480 [JavaFX Application Thread] MainController - Player 1 : 125.0
[DEBUG] 2017-01-18 15:03:10.504 [JavaFX Application Thread] MainController - Player 1 : 150.0
[DEBUG] 2017-01-18 15:03:10.530 [JavaFX Application Thread] MainController - Player 1 : 175.0
[DEBUG] 2017-01-18 15:03:10.552 [JavaFX Application Thread] MainController - Player 1 : 200.0
[DEBUG] 2017-01-18 15:03:10.576 [JavaFX Application Thread] MainController - Player 1 : 225.0
[DEBUG] 2017-01-18 15:03:10.602 [JavaFX Application Thread] MainController - Player 1 : 250.0
[DEBUG] 2017-01-18 15:03:10.628 [JavaFX Application Thread] MainController - Player 1 : 275.0
[DEBUG] 2017-01-18 15:03:10.650 [JavaFX Application Thread] MainController - Player 1 : 300.0
[DEBUG] 2017-01-18 15:03:10.674 [JavaFX Application Thread] MainController - Player 1 : 325.0
[DEBUG] 2017-01-18 15:03:10.698 [JavaFX Application Thread] MainController - Player 1 : 350.0
[DEBUG] 2017-01-18 15:03:10.723 [JavaFX Application Thread] MainController - Player 1 : 375.0
[DEBUG] 2017-01-18 15:03:10.746 [JavaFX Application Thread] MainController - Player 1 : 400.0
[DEBUG] 2017-01-18 15:03:10.771 [JavaFX Application Thread] MainController - Player 1 : 425.0
[DEBUG] 2017-01-18 15:03:10.794 [JavaFX Application Thread] MainController - Player 1 : 450.0
[DEBUG] 2017-01-18 15:03:10.819 [JavaFX Application Thread] MainController - Player 1 : 475.0
[DEBUG] 2017-01-18 15:03:10.843 [JavaFX Application Thread] MainController - Player 1 : 500.0
[DEBUG] 2017-01-18 15:03:10.866 [JavaFX Application Thread] MainController - Player 1 : 525.0
[DEBUG] 2017-01-18 15:03:14.547 [JavaFX Application Thread] MainController - Player 1 : 500.0
[DEBUG] 2017-01-18 15:03:15.579 [JavaFX Application Thread] MainController - Player 1 : 475.0
[DEBUG] 2017-01-18 15:03:16.020 [JavaFX Application Thread] MainController - Player 1 : 450.0
[DEBUG] 2017-01-18 15:03:16.045 [JavaFX Application Thread] MainController - Player 1 : 425.0
[DEBUG] 2017-01-18 15:03:16.068 [JavaFX Application Thread] MainController - Player 1 : 400.0
[DEBUG] 2017-01-18 15:03:16.093 [JavaFX Application Thread] MainController - Player 1 : 375.0
[DEBUG] 2017-01-18 15:03:16.117 [JavaFX Application Thread] MainController - Player 1 : 350.0
[DEBUG] 2017-01-18 15:03:16.141 [JavaFX Application Thread] MainController - Player 1 : 325.0
[DEBUG] 2017-01-18 15:03:16.166 [JavaFX Application Thread] MainController - Player 1 : 300.0
[DEBUG] 2017-01-18 15:03:16.191 [JavaFX Application Thread] MainController - Player 1 : 275.0
[DEBUG] 2017-01-18 15:03:16.213 [JavaFX Application Thread] MainController - Player 1 : 250.0
[DEBUG] 2017-01-18 15:03:16.237 [JavaFX Application Thread] MainController - Player 1 : 225.0
[DEBUG] 2017-01-18 15:03:16.261 [JavaFX Application Thread] MainController - Player 1 : 200.0
[DEBUG] 2017-01-18 15:03:16.286 [JavaFX Application Thread] MainController - Player 1 : 175.0
[DEBUG] 2017-01-18 15:03:16.310 [JavaFX Application Thread] MainController - Player 1 : 150.0
[DEBUG] 2017-01-18 15:03:16.334 [JavaFX Application Thread] MainController - Player 1 : 125.0
[DEBUG] 2017-01-18 15:03:16.359 [JavaFX Application Thread] MainController - Player 1 : 100.0
[DEBUG] 2017-01-18 15:03:16.383 [JavaFX Application Thread] MainController - Player 1 : 75.0
[DEBUG] 2017-01-18 15:03:16.407 [JavaFX Application Thread] MainController - Player 1 : 50.0
[DEBUG] 2017-01-18 15:03:16.433 [JavaFX Application Thread] MainController - Player 1 : 25.0
[DEBUG] 2017-01-18 15:03:16.456 [JavaFX Application Thread] MainController - Player 1 : 0.0
[DEBUG] 2017-01-18 15:03:16.481 [JavaFX Application Thread] MainController - Player 1 : -25.0
[DEBUG] 2017-01-18 15:03:16.503 [JavaFX Application Thread] MainController - Player 1 : -50.0
[DEBUG] 2017-01-18 15:03:16.528 [JavaFX Application Thread] MainController - Player 1 : -75.0
[DEBUG] 2017-01-18 15:03:16.551 [JavaFX Application Thread] MainController - Player 1 : -100.0
[DEBUG] 2017-01-18 15:03:16.893 [JavaFX Application Thread] MainController - Player 1 : -75.0
[DEBUG] 2017-01-18 15:03:17.078 [JavaFX Application Thread] MainController - Player 1 : -50.0
[DEBUG] 2017-01-18 15:03:17.237 [JavaFX Application Thread] MainController - Player 1 : -25.0
[DEBUG] 2017-01-18 15:03:17.787 [JavaFX Application Thread] MainController - Player 1 : 0.0
[DEBUG] 2017-01-18 15:11:45.403 [JavaFX Application Thread] MainController - Hello
[DEBUG] 2017-01-18 15:11:54.183 [JavaFX Application Thread] MainController - Current X: 692.0
[DEBUG] 2017-01-18 15:11:54.183 [JavaFX Application Thread] MainController - Current Y : 673.0
[DEBUG] 2017-01-18 15:12:18.939 [JavaFX Application Thread] MainController - Player 1 : 375.0
[DEBUG] 2017-01-18 15:12:19.378 [JavaFX Application Thread] MainController - Player 1 : 350.0
[DEBUG] 2017-01-18 15:12:19.402 [JavaFX Application Thread] MainController - Player 1 : 325.0
[DEBUG] 2017-01-18 15:12:19.429 [JavaFX Application Thread] MainController - Player 1 : 300.0
[DEBUG] 2017-01-18 15:12:19.453 [JavaFX Application Thread] MainController - Player 1 : 275.0
[DEBUG] 2017-01-18 15:12:19.475 [JavaFX Application Thread] MainController - Player 1 : 250.0
[DEBUG] 2017-01-18 15:12:19.500 [JavaFX Application Thread] MainController - Player 1 : 225.0
[DEBUG] 2017-01-18 15:12:19.525 [JavaFX Application Thread] MainController - Player 1 : 200.0
[DEBUG] 2017-01-18 15:12:19.547 [JavaFX Application Thread] MainController - Player 1 : 175.0
[DEBUG] 2017-01-18 15:12:19.572 [JavaFX Application Thread] MainController - Player 1 : 150.0
[DEBUG] 2017-01-18 15:12:19.598 [JavaFX Application Thread] MainController - Player 1 : 125.0
[DEBUG] 2017-01-18 15:12:19.620 [JavaFX Application Thread] MainController - Player 1 : 100.0
[DEBUG] 2017-01-18 15:12:19.644 [JavaFX Application Thread] MainController - Player 1 : 75.0
[DEBUG] 2017-01-18 15:12:19.669 [JavaFX Application Thread] MainController - Player 1 : 50.0
[DEBUG] 2017-01-18 15:12:19.692 [JavaFX Application Thread] MainController - Player 1 : 25.0
[DEBUG] 2017-01-18 15:12:19.716 [JavaFX Application Thread] MainController - Player 1 : 0.0
[DEBUG] 2017-01-18 15:12:26.128 [JavaFX Application Thread] MainController - Current X: 579.0
[DEBUG] 2017-01-18 15:12:26.129 [JavaFX Application Thread] MainController - Current Y : 676.0
[DEBUG] 2017-01-18 15:12:33.266 [JavaFX Application Thread] MainController - Current X: 577.0
[DEBUG] 2017-01-18 15:12:33.266 [JavaFX Application Thread] MainController - Current Y : 733.0
[DEBUG] 2017-01-18 15:13:20.737 [JavaFX Application Thread] MainController - Current X: 699.0
[DEBUG] 2017-01-18 15:13:20.737 [JavaFX Application Thread] MainController - Current Y : 641.0
[DEBUG] 2017-01-18 15:13:25.622 [JavaFX Application Thread] MainController - Current X: 698.0
[DEBUG] 2017-01-18 15:13:25.622 [JavaFX Application Thread] MainController - Current Y : 735.0
[DEBUG] 2017-01-18 15:14:11.059 [JavaFX Application Thread] MainController - Player 1 : 25.0
[DEBUG] 2017-01-18 15:14:11.498 [JavaFX Application Thread] MainController - Player 1 : 50.0
[DEBUG] 2017-01-18 15:14:11.522 [JavaFX Application Thread] MainController - Player 1 : 75.0
[DEBUG] 2017-01-18 15:14:11.544 [JavaFX Application Thread] MainController - Player 1 : 100.0
[DEBUG] 2017-01-18 15:14:11.569 [JavaFX Application Thread] MainController - Player 1 : 125.0
[DEBUG] 2017-01-18 15:14:11.593 [JavaFX Application Thread] MainController - Player 1 : 150.0
[DEBUG] 2017-01-18 15:14:11.618 [JavaFX Application Thread] MainController - Player 1 : 175.0
[DEBUG] 2017-01-18 15:14:11.641 [JavaFX Application Thread] MainController - Player 1 : 200.0
[DEBUG] 2017-01-18 15:14:11.665 [JavaFX Application Thread] MainController - Player 1 : 225.0
[DEBUG] 2017-01-18 15:14:11.693 [JavaFX Application Thread] MainController - Player 1 : 250.0
[DEBUG] 2017-01-18 15:14:11.713 [JavaFX Application Thread] MainController - Player 1 : 275.0
[DEBUG] 2017-01-18 15:14:11.737 [JavaFX Application Thread] MainController - Player 1 : 300.0
[DEBUG] 2017-01-18 15:14:11.761 [JavaFX Application Thread] MainController - Player 1 : 325.0
[DEBUG] 2017-01-18 15:14:11.785 [JavaFX Application Thread] MainController - Player 1 : 350.0
[DEBUG] 2017-01-18 15:14:11.813 [JavaFX Application Thread] MainController - Player 1 : 375.0
[DEBUG] 2017-01-18 15:14:11.837 [JavaFX Application Thread] MainController - Player 1 : 400.0
[DEBUG] 2017-01-18 15:14:11.860 [JavaFX Application Thread] MainController - Player 1 : 425.0
[DEBUG] 2017-01-18 15:14:11.884 [JavaFX Application Thread] MainController - Player 1 : 450.0
[DEBUG] 2017-01-18 15:14:11.909 [JavaFX Application Thread] MainController - Player 1 : 475.0
[DEBUG] 2017-01-18 15:14:11.941 [JavaFX Application Thread] MainController - Player 1 : 500.0
[DEBUG] 2017-01-18 15:14:11.959 [JavaFX Application Thread] MainController - Player 1 : 525.0
[DEBUG] 2017-01-18 15:14:16.713 [JavaFX Application Thread] MainController - Player 1 : 550.0
[DEBUG] 2017-01-18 15:14:17.228 [JavaFX Application Thread] MainController - Player 1 : 525.0
[DEBUG] 2017-01-18 15:14:17.668 [JavaFX Application Thread] MainController - Player 1 : 500.0
[DEBUG] 2017-01-18 15:14:17.692 [JavaFX Application Thread] MainController - Player 1 : 475.0
[DEBUG] 2017-01-18 15:14:17.716 [JavaFX Application Thread] MainController - Player 1 : 450.0
[DEBUG] 2017-01-18 15:14:17.742 [JavaFX Application Thread] MainController - Player 1 : 425.0
[DEBUG] 2017-01-18 15:14:17.766 [JavaFX Application Thread] MainController - Player 1 : 400.0
[DEBUG] 2017-01-18 15:14:17.789 [JavaFX Application Thread] MainController - Player 1 : 375.0
[DEBUG] 2017-01-18 15:14:17.813 [JavaFX Application Thread] MainController - Player 1 : 350.0
[DEBUG] 2017-01-18 15:14:17.837 [JavaFX Application Thread] MainController - Player 1 : 325.0
[DEBUG] 2017-01-18 15:14:17.865 [JavaFX Application Thread] MainController - Player 1 : 300.0
[DEBUG] 2017-01-18 15:14:17.886 [JavaFX Application Thread] MainController - Player 1 : 275.0
[DEBUG] 2017-01-18 15:14:17.913 [JavaFX Application Thread] MainController - Player 1 : 250.0
[DEBUG] 2017-01-18 15:14:17.934 [JavaFX Application Thread] MainController - Player 1 : 225.0
[DEBUG] 2017-01-18 15:14:17.958 [JavaFX Application Thread] MainController - Player 1 : 200.0
[DEBUG] 2017-01-18 15:14:17.982 [JavaFX Application Thread] MainController - Player 1 : 175.0
[DEBUG] 2017-01-18 15:14:18.012 [JavaFX Application Thread] MainController - Player 1 : 150.0
[DEBUG] 2017-01-18 15:14:18.030 [JavaFX Application Thread] MainController - Player 1 : 125.0
[DEBUG] 2017-01-18 15:14:18.054 [JavaFX Application Thread] MainController - Player 1 : 100.0
[DEBUG] 2017-01-18 15:14:18.082 [JavaFX Application Thread] MainController - Player 1 : 75.0
[DEBUG] 2017-01-18 15:14:18.103 [JavaFX Application Thread] MainController - Player 1 : 50.0
[DEBUG] 2017-01-18 15:14:18.130 [JavaFX Application Thread] MainController - Player 1 : 25.0
[DEBUG] 2017-01-18 15:14:18.151 [JavaFX Application Thread] MainController - Player 1 : 0.0
[DEBUG] 2017-01-18 15:14:18.182 [JavaFX Application Thread] MainController - Player 1 : -25.0
[DEBUG] 2017-01-18 15:14:21.476 [JavaFX Application Thread] MainController - Player 1 : 0.0
[DEBUG] 2017-01-18 15:14:35.760 [JavaFX Application Thread] MainController - Current X: 580.0
[DEBUG] 2017-01-18 15:14:35.760 [JavaFX Application Thread] MainController - Current Y : 676.0
[DEBUG] 2017-01-18 15:14:43.598 [JavaFX Application Thread] MainController - Current X: 578.0
[DEBUG] 2017-01-18 15:14:43.599 [JavaFX Application Thread] MainController - Current Y : 594.0
[DEBUG] 2017-01-18 15:14:54.310 [JavaFX Application Thread] MainController - Current X: 580.0
[DEBUG] 2017-01-18 15:14:54.311 [JavaFX Application Thread] MainController - Current Y : 674.0
[DEBUG] 2017-01-18 15:15:08.661 [JavaFX Application Thread] MainController - Current X: 566.0
[DEBUG] 2017-01-18 15:15:08.661 [JavaFX Application Thread] MainController - Current Y : 674.0
[DEBUG] 2017-01-18 15:15:12.845 [JavaFX Application Thread] MainController - Current X: 578.0
[DEBUG] 2017-01-18 15:15:12.846 [JavaFX Application Thread] MainController - Current Y : 674.0
[DEBUG] 2017-01-18 15:15:35.973 [JavaFX Application Thread] MainController - Current X: 694.0
[DEBUG] 2017-01-18 15:15:35.973 [JavaFX Application Thread] MainController - Current Y : 671.0
[DEBUG] 2017-01-18 15:15:40.997 [JavaFX Application Thread] MainController - Current X: 695.0
[DEBUG] 2017-01-18 15:15:40.997 [JavaFX Application Thread] MainController - Current Y : 668.0
[DEBUG] 2017-01-18 15:15:54.869 [JavaFX Application Thread] MainController - Current X: 579.0
[DEBUG] 2017-01-18 15:15:54.870 [JavaFX Application Thread] MainController - Current Y : 674.0
[DEBUG] 2017-01-18 15:16:00.597 [JavaFX Application Thread] MainController - Current X: 566.0
[DEBUG] 2017-01-18 15:16:00.597 [JavaFX Application Thread] MainController - Current Y : 673.0
[DEBUG] 2017-01-18 15:16:19.004 [JavaFX Application Thread] MainController - Current X: 566.0
[DEBUG] 2017-01-18 15:16:19.004 [JavaFX Application Thread] MainController - Current Y : 673.0
[DEBUG] 2017-01-18 15:16:36.854 [JavaFX Application Thread] MainController - Current X: 694.0
[DEBUG] 2017-01-18 15:16:36.854 [JavaFX Application Thread] MainController - Current Y : 666.0
[DEBUG] 2017-01-18 15:16:47.053 [JavaFX Application Thread] MainController - Current X: 579.0
[DEBUG] 2017-01-18 15:16:47.053 [JavaFX Application Thread] MainController - Current Y : 676.0
[DEBUG] 2017-01-18 15:16:50.557 [JavaFX Application Thread] MainController - Current X: 698.0
[DEBUG] 2017-01-18 15:16:50.557 [JavaFX Application Thread] MainController - Current Y : 680.0
[DEBUG] 2017-01-18 15:16:59.509 [JavaFX Application Thread] MainController - Current X: 575.0
[DEBUG] 2017-01-18 15:16:59.509 [JavaFX Application Thread] MainController - Current Y : 678.0
[DEBUG] 2017-01-18 15:17:07.469 [JavaFX Application Thread] MainController - Current X: 579.0
[DEBUG] 2017-01-18 15:17:07.469 [JavaFX Application Thread] MainController - Current Y : 674.0
[DEBUG] 2017-01-18 15:17:11.983 [JavaFX Application Thread] MainController - Current X: 698.0
[DEBUG] 2017-01-18 15:17:11.983 [JavaFX Application Thread] MainController - Current Y : 672.0
[DEBUG] 2017-01-18 15:17:38.820 [JavaFX Application Thread] MainController - Current X: 579.0
[DEBUG] 2017-01-18 15:17:38.821 [JavaFX Application Thread] MainController - Current Y : 676.0
[DEBUG] 2017-01-18 15:17:48.293 [JavaFX Application Thread] MainController - Current X: 697.0
[DEBUG] 2017-01-18 15:17:48.293 [JavaFX Application Thread] MainController - Current Y : 667.0
[DEBUG] 2017-01-18 15:17:51.363 [JavaFX Application Thread] MainController - Current X: 578.0
[DEBUG] 2017-01-18 15:17:51.363 [JavaFX Application Thread] MainController - Current Y : 673.0
[DEBUG] 2017-01-18 15:17:53.484 [JavaFX Application Thread] MainController - Current X: 695.0
[DEBUG] 2017-01-18 15:17:53.484 [JavaFX Application Thread] MainController - Current Y : 673.0
[DEBUG] 2017-01-18 15:19:29.823 [JavaFX Application Thread] MainController - Player 1 : 25.0
[DEBUG] 2017-01-18 15:19:30.263 [JavaFX Application Thread] MainController - Player 1 : 50.0
[DEBUG] 2017-01-18 15:19:30.287 [JavaFX Application Thread] MainController - Player 1 : 75.0
[DEBUG] 2017-01-18 15:19:30.315 [JavaFX Application Thread] MainController - Player 1 : 100.0
[DEBUG] 2017-01-18 15:19:30.340 [JavaFX Application Thread] MainController - Player 1 : 125.0
[DEBUG] 2017-01-18 15:19:30.360 [JavaFX Application Thread] MainController - Player 1 : 150.0
[DEBUG] 2017-01-18 15:19:30.383 [JavaFX Application Thread] MainController - Player 1 : 175.0
[DEBUG] 2017-01-18 15:19:30.412 [JavaFX Application Thread] MainController - Player 1 : 200.0
[DEBUG] 2017-01-18 15:19:30.432 [JavaFX Application Thread] MainController - Player 1 : 225.0
[DEBUG] 2017-01-18 15:19:30.457 [JavaFX Application Thread] MainController - Player 1 : 250.0
[DEBUG] 2017-01-18 15:19:30.479 [JavaFX Application Thread] MainController - Player 1 : 275.0
[DEBUG] 2017-01-18 15:19:40.493 [JavaFX Application Thread] MainController - Current X: 567.0
[DEBUG] 2017-01-18 15:19:40.493 [JavaFX Application Thread] MainController - Current Y : 672.0
[DEBUG] 2017-01-18 15:19:42.971 [JavaFX Application Thread] MainController - Current X: 593.0
[DEBUG] 2017-01-18 15:19:42.972 [JavaFX Application Thread] MainController - Current Y : 674.0
[DEBUG] 2017-01-18 15:19:46.107 [JavaFX Application Thread] MainController - Current X: 593.0
[DEBUG] 2017-01-18 15:19:46.107 [JavaFX Application Thread] MainController - Current Y : 674.0
[DEBUG] 2017-01-18 15:19:48.172 [JavaFX Application Thread] MainController - Current X: 567.0
[DEBUG] 2017-01-18 15:19:48.172 [JavaFX Application Thread] MainController - Current Y : 672.0
[DEBUG] 2017-01-18 15:19:49.572 [JavaFX Application Thread] MainController - Current X: 567.0
[DEBUG] 2017-01-18 15:19:49.572 [JavaFX Application Thread] MainController - Current Y : 672.0
[DEBUG] 2017-01-18 15:19:51.964 [JavaFX Application Thread] MainController - Current X: 588.0
[DEBUG] 2017-01-18 15:19:51.965 [JavaFX Application Thread] MainController - Current Y : 672.0
[DEBUG] 2017-01-18 15:20:33.763 [JavaFX Application Thread] MainController - Current X: 692.0
[DEBUG] 2017-01-18 15:20:33.763 [JavaFX Application Thread] MainController - Current Y : 673.0
[DEBUG] 2017-01-18 15:23:14.106 [JavaFX Application Thread] MainController - Current X: 1233.0
[DEBUG] 2017-01-18 15:23:14.109 [JavaFX Application Thread] MainController - Current Y : 27.0
[DEBUG] 2017-01-18 16:08:22.605 [JavaFX Application Thread] MainController - Hello
[DEBUG] 2017-01-18 16:08:25.177 [JavaFX Application Thread] MainController - Player 1 : 425.0
[DEBUG] 2017-01-18 16:08:25.382 [JavaFX Application Thread] MainController - Player 1 : 450.0
[DEBUG] 2017-01-18 16:08:26.019 [JavaFX Application Thread] MainController - Player 1 : 475.0
[DEBUG] 2017-01-18 16:08:26.150 [JavaFX Application Thread] MainController - Player 1 : 450.0
[DEBUG] 2017-01-18 16:08:26.150 [JavaFX Application Thread] MainController - Player 1 : 475.0
[DEBUG] 2017-01-18 16:08:26.155 [JavaFX Application Thread] MainController - Player 1 : 450.0
[DEBUG] 2017-01-18 16:08:26.155 [JavaFX Application Thread] MainController - Player 1 : 475.0
[DEBUG] 2017-01-18 16:08:26.348 [JavaFX Application Thread] MainController - Player 1 : 500.0
[DEBUG] 2017-01-18 16:08:26.362 [JavaFX Application Thread] MainController - Player 1 : 525.0
[DEBUG] 2017-01-18 16:08:26.446 [JavaFX Application Thread] MainController - Player 1 : 500.0
[DEBUG] 2017-01-18 16:08:26.446 [JavaFX Application Thread] MainController - Player 1 : 525.0
[DEBUG] 2017-01-18 16:08:26.505 [JavaFX Application Thread] MainController - Player 1 : 500.0
[DEBUG] 2017-01-18 16:08:26.753 [JavaFX Application Thread] MainController - Player 1 : 475.0
[DEBUG] 2017-01-18 16:08:26.814 [JavaFX Application Thread] MainController - Player 1 : 450.0
[DEBUG] 2017-01-18 16:08:27.259 [JavaFX Application Thread] MainController - Player 1 : 425.0
[DEBUG] 2017-01-18 16:08:27.282 [JavaFX Application Thread] MainController - Player 1 : 400.0
[DEBUG] 2017-01-18 16:08:27.307 [JavaFX Application Thread] MainController - Player 1 : 375.0
[DEBUG] 2017-01-18 16:08:27.331 [JavaFX Application Thread] MainController - Player 1 : 350.0
[DEBUG] 2017-01-18 16:08:27.354 [JavaFX Application Thread] MainController - Player 1 : 325.0
[DEBUG] 2017-01-18 16:08:27.380 [JavaFX Application Thread] MainController - Player 1 : 300.0
[DEBUG] 2017-01-18 18:40:20.134 [JavaFX Application Thread] MainController - Hello
[DEBUG] 2017-01-18 19:08:55.342 [JavaFX Application Thread] MainController - Hello
[DEBUG] 2017-01-18 19:10:20.972 [JavaFX Application Thread] MainController - Hello
[DEBUG] 2017-01-18 19:12:02.052 [JavaFX Application Thread] MainController - Hello
[DEBUG] 2017-01-18 19:12:34.984 [JavaFX Application Thread] MainController - Hello
[DEBUG] 2017-01-18 19:16:16.047 [JavaFX Application Thread] MainController - Hello
[DEBUG] 2017-01-18 19:17:45.810 [JavaFX Application Thread] MainController - Hello
[DEBUG] 2017-01-18 19:27:39.362 [JavaFX Application Thread] MainController - Hello
[DEBUG] 2017-01-18 19:27:46.813 [JavaFX Application Thread] MainController - Current X: 314.0
[DEBUG] 2017-01-18 19:27:46.813 [JavaFX Application Thread] MainController - Current Y : 120.0
[DEBUG] 2017-01-18 19:27:49.045 [JavaFX Application Thread] MainController - Current X: 248.0
[DEBUG] 2017-01-18 19:27:49.046 [JavaFX Application Thread] MainController - Current Y : 248.0
[DEBUG] 2017-01-18 19:28:08.658 [JavaFX Application Thread] MainController - Hello
[DEBUG] 2017-01-18 19:29:46.577 [JavaFX Application Thread] MainController - Hello
[DEBUG] 2017-01-18 19:31:13.114 [JavaFX Application Thread] MainController - Hello
[DEBUG] 2017-01-18 19:32:11.905 [JavaFX Application Thread] MainController - Hello
[DEBUG] 2017-01-18 19:32:29.844 [JavaFX Application Thread] MainController - Current X: 340.0
[DEBUG] 2017-01-18 19:32:29.845 [JavaFX Application Thread] MainController - Current Y : 195.0
[DEBUG] 2017-01-18 19:40:13.962 [JavaFX Application Thread] MainController - Hello
[DEBUG] 2017-01-18 19:40:49.615 [JavaFX Application Thread] MainController - Hello
[DEBUG] 2017-01-18 19:46:54.158 [JavaFX Application Thread] MainController - Hello
[DEBUG] 2017-01-18 19:47:26.925 [JavaFX Application Thread] MainController - Hello
[DEBUG] 2017-01-18 19:48:47.793 [JavaFX Application Thread] MainController - Hello
[DEBUG] 2017-01-18 19:48:51.784 [JavaFX Application Thread] MainController - Current X: 454.0
[DEBUG] 2017-01-18 19:48:51.785 [JavaFX Application Thread] MainController - Current Y : 257.0
[DEBUG] 2017-01-18 19:49:51.824 [JavaFX Application Thread] MainController - Hello
[DEBUG] 2017-01-18 19:49:59.518 [JavaFX Application Thread] MainController - Current X: 278.0
[DEBUG] 2017-01-18 19:49:59.518 [JavaFX Application Thread] MainController - Current Y : 366.0
[DEBUG] 2017-01-18 19:49:59.755 [JavaFX Application Thread] MainController - Current X: 317.0
[DEBUG] 2017-01-18 19:49:59.755 [JavaFX Application Thread] MainController - Current Y : 453.0
[DEBUG] 2017-01-18 19:50:00.051 [JavaFX Application Thread] MainController - Current X: 290.0
[DEBUG] 2017-01-18 19:50:00.051 [JavaFX Application Thread] MainController - Current Y : 367.0
[DEBUG] 2017-01-18 19:50:00.468 [JavaFX Application Thread] MainController - Current X: 303.0
[DEBUG] 2017-01-18 19:50:00.468 [JavaFX Application Thread] MainController - Current Y : 315.0
[DEBUG] 2017-01-18 19:50:00.820 [JavaFX Application Thread] MainController - Current X: 281.0
[DEBUG] 2017-01-18 19:50:00.821 [JavaFX Application Thread] MainController - Current Y : 371.0
[DEBUG] 2017-01-18 19:50:01.508 [JavaFX Application Thread] MainController - Current X: 241.0
[DEBUG] 2017-01-18 19:50:01.508 [JavaFX Application Thread] MainController - Current Y : 368.0
[DEBUG] 2017-01-18 19:50:02.140 [JavaFX Application Thread] MainController - Current X: 258.0
[DEBUG] 2017-01-18 19:50:02.141 [JavaFX Application Thread] MainController - Current Y : 398.0
[DEBUG] 2017-01-18 19:50:05.724 [JavaFX Application Thread] MainController - Current X: 307.0
[DEBUG] 2017-01-18 19:50:05.724 [JavaFX Application Thread] MainController - Current Y : 267.0
[DEBUG] 2017-01-18 19:50:05.883 [JavaFX Application Thread] MainController - Current X: 307.0
[DEBUG] 2017-01-18 19:50:05.884 [JavaFX Application Thread] MainController - Current Y : 267.0
[DEBUG] 2017-01-18 19:50:06.227 [JavaFX Application Thread] MainController - Current X: 313.0
[DEBUG] 2017-01-18 19:50:06.227 [JavaFX Application Thread] MainController - Current Y : 276.0
[DEBUG] 2017-01-18 19:50:06.643 [JavaFX Application Thread] MainController - Current X: 321.0
[DEBUG] 2017-01-18 19:50:06.643 [JavaFX Application Thread] MainController - Current Y : 318.0
[DEBUG] 2017-01-18 19:50:07.940 [JavaFX Application Thread] MainController - Current X: 330.0
[DEBUG] 2017-01-18 19:50:07.941 [JavaFX Application Thread] MainController - Current Y : 273.0
[DEBUG] 2017-01-18 19:50:37.040 [JavaFX Application Thread] MainController - Hello
[DEBUG] 2017-01-18 20:02:02.126 [JavaFX Application Thread] MainController - Hello
[DEBUG] 2017-01-18 20:08:15.037 [JavaFX Application Thread] MainController - Hello
[DEBUG] 2017-01-18 20:14:21.927 [JavaFX Application Thread] MainController - Hello
[DEBUG] 2017-01-18 20:18:03.828 [JavaFX Application Thread] MainController - Hello
[DEBUG] 2017-01-18 20:24:32.186 [JavaFX Application Thread] MainController - Hello
[DEBUG] 2017-01-18 20:24:39.266 [JavaFX Application Thread] MainController - Current X: 800.0
[DEBUG] 2017-01-18 20:24:39.266 [JavaFX Application Thread] MainController - Current Y : 331.0
[DEBUG] 2017-01-18 20:24:39.795 [JavaFX Application Thread] MainController - Current X: 573.0
[DEBUG] 2017-01-18 20:24:39.796 [JavaFX Application Thread] MainController - Current Y : 418.0
[DEBUG] 2017-01-18 20:24:40.291 [JavaFX Application Thread] MainController - Current X: 593.0
[DEBUG] 2017-01-18 20:24:40.291 [JavaFX Application Thread] MainController - Current Y : 468.0
[DEBUG] 2017-01-18 20:24:41.307 [JavaFX Application Thread] MainController - Current X: 232.0
[DEBUG] 2017-01-18 20:24:41.308 [JavaFX Application Thread] MainController - Current Y : 125.0
[DEBUG] 2017-01-18 20:24:42.971 [JavaFX Application Thread] MainController - Current X: 484.0
[DEBUG] 2017-01-18 20:24:42.971 [JavaFX Application Thread] MainController - Current Y : 192.0
[DEBUG] 2017-01-18 20:50:23.489 [JavaFX Application Thread] MainController - Hello
[DEBUG] 2017-01-18 20:50:32.881 [JavaFX Application Thread] MainController - Current X: 238.0
[DEBUG] 2017-01-18 20:50:32.882 [JavaFX Application Thread] MainController - Current Y : 59.0
[DEBUG] 2017-01-18 20:52:25.591 [JavaFX Application Thread] MainController - Hello
[DEBUG] 2017-01-18 20:57:29.866 [JavaFX Application Thread] MainController - Hello
[DEBUG] 2017-01-18 20:58:16.258 [JavaFX Application Thread] MainController - Current X: 305.0
[DEBUG] 2017-01-18 20:58:16.258 [JavaFX Application Thread] MainController - Current Y : 121.0
[DEBUG] 2017-01-18 20:58:17.411 [JavaFX Application Thread] MainController - Current X: 400.0
[DEBUG] 2017-01-18 20:58:17.411 [JavaFX Application Thread] MainController - Current Y : 124.0
[DEBUG] 2017-01-18 20:58:21.459 [JavaFX Application Thread] MainController - Current X: 185.0
[DEBUG] 2017-01-18 20:58:21.459 [JavaFX Application Thread] MainController - Current Y : 53.0
[DEBUG] 2017-01-18 20:58:28.019 [JavaFX Application Thread] MainController - Current X: 285.0
[DEBUG] 2017-01-18 20:58:28.019 [JavaFX Application Thread] MainController - Current Y : 622.0
[DEBUG] 2017-01-18 20:59:28.214 [JavaFX Application Thread] MainController - Hello
[DEBUG] 2017-01-18 21:01:16.434 [JavaFX Application Thread] MainController - Hello
[DEBUG] 2017-01-18 21:06:16.068 [JavaFX Application Thread] MainController - Hello
[DEBUG] 2017-01-18 21:07:21.575 [JavaFX Application Thread] MainController - Hello
[DEBUG] 2017-01-18 21:19:33.801 [JavaFX Application Thread] MainController - Hello
[DEBUG] 2017-01-18 21:39:16.587 [JavaFX Application Thread] MainController - Hello
[DEBUG] 2017-01-18 21:40:51.395 [JavaFX Application Thread] MainController - Hello
[DEBUG] 2017-01-18 22:58:11.244 [JavaFX Application Thread] MainController - Hello
[DEBUG] 2017-01-18 23:03:04.599 [JavaFX Application Thread] MainController - Hello
